# JRE version: OpenJDK Runtime Environment (8.0_152-b01) (build 1.8.0_152-release-915-b01)
# Java VM: OpenJDK 64-Bit Server VM (25.152-b01 mixed mode windows-amd64 compressed oops)
Heap:
 PSYoungGen      total 309248K, used 209130K [0x00000000e0000000, 0x00000000f5180000, 0x0000000100000000)
  eden space 287232K, 65% used [0x00000000e0000000,0x00000000eb724080,0x00000000f1880000)
  from space 22016K, 98% used [0x00000000f3c00000,0x00000000f5116940,0x00000000f5180000)
  to   space 29184K, 0% used [0x00000000f1880000,0x00000000f1880000,0x00000000f3500000)
 ParOldGen       total 105472K, used 50460K [0x00000000a0000000, 0x00000000a6700000, 0x00000000e0000000)
  object space 105472K, 47% used [0x00000000a0000000,0x00000000a3147248,0x00000000a6700000)
 Metaspace       used 66106K, capacity 69736K, committed 70016K, reserved 1110016K
  class space    used 8710K, capacity 9568K, committed 9600K, reserved 1048576K
GC Heap History (10 events):
Event: 21.758 GC heap before
{Heap before GC invocations=13 (full 2):
 PSYoungGen      total 203776K, used 203748K [0x00000000e0000000, 0x00000000edc80000, 0x0000000100000000)
  eden space 187904K, 100% used [0x00000000e0000000,0x00000000eb780000,0x00000000eb780000)
  from space 15872K, 99% used [0x00000000eca80000,0x00000000ed9f9088,0x00000000eda00000)
  to   space 18944K, 0% used [0x00000000eb780000,0x00000000eb780000,0x00000000eca00000)
 ParOldGen       total 56320K, used 21597K [0x00000000a0000000, 0x00000000a3700000, 0x00000000e0000000)
  object space 56320K, 38% used [0x00000000a0000000,0x00000000a1517708,0x00000000a3700000)
 Metaspace       used 55321K, capacity 57574K, committed 57600K, reserved 1099776K
  class space    used 7583K, capacity 8171K, committed 8192K, reserved 1048576K
Event: 21.885 GC heap after
Heap after GC invocations=13 (full 2):
 PSYoungGen      total 206848K, used 18925K [0x00000000e0000000, 0x00000000f2180000, 0x0000000100000000)
  eden space 187904K, 0% used [0x00000000e0000000,0x00000000e0000000,0x00000000eb780000)
  from space 18944K, 99% used [0x00000000eb780000,0x00000000ec9fb4f0,0x00000000eca00000)
  to   space 25600K, 0% used [0x00000000f0880000,0x00000000f0880000,0x00000000f2180000)
 ParOldGen       total 56320K, used 33056K [0x00000000a0000000, 0x00000000a3700000, 0x00000000e0000000)
  object space 56320K, 58% used [0x00000000a0000000,0x00000000a2048248,0x00000000a3700000)
 Metaspace       used 55321K, capacity 57574K, committed 57600K, reserved 1099776K
  class space    used 7583K, capacity 8171K, committed 8192K, reserved 1048576K
}
Event: 24.103 GC heap before
{Heap before GC invocations=14 (full 2):
 PSYoungGen      total 206848K, used 127597K [0x00000000e0000000, 0x00000000f2180000, 0x0000000100000000)
  eden space 187904K, 57% used [0x00000000e0000000,0x00000000e6a20158,0x00000000eb780000)
  from space 18944K, 99% used [0x00000000eb780000,0x00000000ec9fb4f0,0x00000000eca00000)
  to   space 25600K, 0% used [0x00000000f0880000,0x00000000f0880000,0x00000000f2180000)
 ParOldGen       total 56320K, used 33056K [0x00000000a0000000, 0x00000000a3700000, 0x00000000e0000000)
  object space 56320K, 58% used [0x00000000a0000000,0x00000000a2048248,0x00000000a3700000)
 Metaspace       used 56497K, capacity 58942K, committed 59028K, reserved 1099776K
  class space    used 7781K, capacity 8402K, committed 8448K, reserved 1048576K
Event: 24.201 GC heap after
Heap after GC invocations=14 (full 2):
 PSYoungGen      total 268288K, used 21664K [0x00000000e0000000, 0x00000000f2d00000, 0x0000000100000000)
  eden space 242688K, 0% used [0x00000000e0000000,0x00000000e0000000,0x00000000eed00000)
  from space 25600K, 84% used [0x00000000f0880000,0x00000000f1da8000,0x00000000f2180000)
  to   space 28160K, 0% used [0x00000000eed00000,0x00000000eed00000,0x00000000f0880000)
 ParOldGen       total 56320K, used 42369K [0x00000000a0000000, 0x00000000a3700000, 0x00000000e0000000)
  object space 56320K, 75% used [0x00000000a0000000,0x00000000a29605e0,0x00000000a3700000)
 Metaspace       used 56497K, capacity 58942K, committed 59028K, reserved 1099776K
  class space    used 7781K, capacity 8402K, committed 8448K, reserved 1048576K
}
Event: 24.201 GC heap before
{Heap before GC invocations=15 (full 3):
 PSYoungGen      total 268288K, used 21664K [0x00000000e0000000, 0x00000000f2d00000, 0x0000000100000000)
  eden space 242688K, 0% used [0x00000000e0000000,0x00000000e0000000,0x00000000eed00000)
  from space 25600K, 84% used [0x00000000f0880000,0x00000000f1da8000,0x00000000f2180000)
  to   space 28160K, 0% used [0x00000000eed00000,0x00000000eed00000,0x00000000f0880000)
 ParOldGen       total 56320K, used 42369K [0x00000000a0000000, 0x00000000a3700000, 0x00000000e0000000)
  object space 56320K, 75% used [0x00000000a0000000,0x00000000a29605e0,0x00000000a3700000)
 Metaspace       used 56497K, capacity 58942K, committed 59028K, reserved 1099776K
  class space    used 7781K, capacity 8402K, committed 8448K, reserved 1048576K
Event: 25.205 GC heap after
Heap after GC invocations=15 (full 3):
 PSYoungGen      total 268288K, used 0K [0x00000000e0000000, 0x00000000f2d00000, 0x0000000100000000)
  eden space 242688K, 0% used [0x00000000e0000000,0x00000000e0000000,0x00000000eed00000)
  from space 25600K, 0% used [0x00000000f0880000,0x00000000f0880000,0x00000000f2180000)
  to   space 28160K, 0% used [0x00000000eed00000,0x00000000eed00000,0x00000000f0880000)
 ParOldGen       total 105472K, used 50444K [0x00000000a0000000, 0x00000000a6700000, 0x00000000e0000000)
  object space 105472K, 47% used [0x00000000a0000000,0x00000000a3143248,0x00000000a6700000)
 Metaspace       used 56497K, capacity 58942K, committed 59028K, reserved 1099776K
  class space    used 7781K, capacity 8402K, committed 8448K, reserved 1048576K
}
Event: 45.754 GC heap before
{Heap before GC invocations=16 (full 3):
 PSYoungGen      total 268288K, used 242688K [0x00000000e0000000, 0x00000000f2d00000, 0x0000000100000000)
  eden space 242688K, 100% used [0x00000000e0000000,0x00000000eed00000,0x00000000eed00000)
  from space 25600K, 0% used [0x00000000f0880000,0x00000000f0880000,0x00000000f2180000)
  to   space 28160K, 0% used [0x00000000eed00000,0x00000000eed00000,0x00000000f0880000)
 ParOldGen       total 105472K, used 50444K [0x00000000a0000000, 0x00000000a6700000, 0x00000000e0000000)
  object space 105472K, 47% used [0x00000000a0000000,0x00000000a3143248,0x00000000a6700000)
 Metaspace       used 61642K, capacity 64850K, committed 65152K, reserved 1105920K
  class space    used 8245K, capacity 9023K, committed 9088K, reserved 1048576K
Event: 45.921 GC heap after
Heap after GC invocations=16 (full 3):
 PSYoungGen      total 270848K, used 13201K [0x00000000e0000000, 0x00000000f5680000, 0x0000000100000000)
  eden space 242688K, 0% used [0x00000000e0000000,0x00000000e0000000,0x00000000eed00000)
  from space 28160K, 46% used [0x00000000eed00000,0x00000000ef9e4558,0x00000000f0880000)
  to   space 27136K, 0% used [0x00000000f3c00000,0x00000000f3c00000,0x00000000f5680000)
 ParOldGen       total 105472K, used 50452K [0x00000000a0000000, 0x00000000a6700000, 0x00000000e0000000)
  object space 105472K, 47% used [0x00000000a0000000,0x00000000a3145248,0x00000000a6700000)
 Metaspace       used 61642K, capacity 64850K, committed 65152K, reserved 1105920K
  class space    used 8245K, capacity 9023K, committed 9088K, reserved 1048576K
}
Event: 82.075 GC heap before
{Heap before GC invocations=17 (full 3):
 PSYoungGen      total 270848K, used 255889K [0x00000000e0000000, 0x00000000f5680000, 0x0000000100000000)
  eden space 242688K, 100% used [0x00000000e0000000,0x00000000eed00000,0x00000000eed00000)
  from space 28160K, 46% used [0x00000000eed00000,0x00000000ef9e4558,0x00000000f0880000)
  to   space 27136K, 0% used [0x00000000f3c00000,0x00000000f3c00000,0x00000000f5680000)
 ParOldGen       total 105472K, used 50452K [0x00000000a0000000, 0x00000000a6700000, 0x00000000e0000000)
  object space 105472K, 47% used [0x00000000a0000000,0x00000000a3145248,0x00000000a6700000)
 Metaspace       used 65088K, capacity 68442K, committed 68608K, reserved 1107968K
  class space    used 8653K, capacity 9453K, committed 9472K, reserved 1048576K
Event: 82.107 GC heap after
Heap after GC invocations=17 (full 3):
 PSYoungGen      total 309248K, used 21594K [0x00000000e0000000, 0x00000000f5180000, 0x0000000100000000)
  eden space 287232K, 0% used [0x00000000e0000000,0x00000000e0000000,0x00000000f1880000)
  from space 22016K, 98% used [0x00000000f3c00000,0x00000000f5116940,0x00000000f5180000)
  to   space 29184K, 0% used [0x00000000f1880000,0x00000000f1880000,0x00000000f3500000)
 ParOldGen       total 105472K, used 50460K [0x00000000a0000000, 0x00000000a6700000, 0x00000000e0000000)
  object space 105472K, 47% used [0x00000000a0000000,0x00000000a3147248,0x00000000a6700000)
 Metaspace       used 65088K, capacity 68442K, committed 68608K, reserved 1107968K
  class space    used 8653K, capacity 9453K, committed 9472K, reserved 1048576K
}

