# JRE version: OpenJDK Runtime Environment (8.0_152-b01) (build 1.8.0_152-release-915-b01)
# Java VM: OpenJDK 64-Bit Server VM (25.152-b01 mixed mode windows-amd64 compressed oops)
Heap:
 PSYoungGen      total 382464K, used 137619K [0x00000000e0000000, 0x00000000f9e80000, 0x0000000100000000)
  eden space 368128K, 34% used [0x00000000e0000000,0x00000000e7a549c0,0x00000000f6780000)
  from space 14336K, 86% used [0x00000000f9080000,0x00000000f9c90318,0x00000000f9e80000)
  to   space 28160K, 0% used [0x00000000f6780000,0x00000000f6780000,0x00000000f8300000)
 ParOldGen       total 103424K, used 59702K [0x00000000a0000000, 0x00000000a6500000, 0x00000000e0000000)
  object space 103424K, 57% used [0x00000000a0000000,0x00000000a3a4da00,0x00000000a6500000)
 Metaspace       used 71442K, capacity 75442K, committed 75648K, reserved 1114112K
  class space    used 9380K, capacity 10305K, committed 10368K, reserved 1048576K
GC Heap History (10 events):
Event: 29.084 GC heap before
{Heap before GC invocations=13 (full 2):
 PSYoungGen      total 227840K, used 227828K [0x00000000e0000000, 0x00000000eff00000, 0x0000000100000000)
  eden space 210944K, 100% used [0x00000000e0000000,0x00000000ece00000,0x00000000ece00000)
  from space 16896K, 99% used [0x00000000ee180000,0x00000000ef1fd2a0,0x00000000ef200000)
  to   space 19968K, 0% used [0x00000000ece00000,0x00000000ece00000,0x00000000ee180000)
 ParOldGen       total 52736K, used 22234K [0x00000000a0000000, 0x00000000a3380000, 0x00000000e0000000)
  object space 52736K, 42% used [0x00000000a0000000,0x00000000a15b6ae8,0x00000000a3380000)
 Metaspace       used 55277K, capacity 57464K, committed 57600K, reserved 1099776K
  class space    used 7520K, capacity 8102K, committed 8192K, reserved 1048576K
Event: 29.136 GC heap after
Heap after GC invocations=13 (full 2):
 PSYoungGen      total 230912K, used 19948K [0x00000000e0000000, 0x00000000f4d80000, 0x0000000100000000)
  eden space 210944K, 0% used [0x00000000e0000000,0x00000000e0000000,0x00000000ece00000)
  from space 19968K, 99% used [0x00000000ece00000,0x00000000ee17b218,0x00000000ee180000)
  to   space 28160K, 0% used [0x00000000f3200000,0x00000000f3200000,0x00000000f4d80000)
 ParOldGen       total 52736K, used 37497K [0x00000000a0000000, 0x00000000a3380000, 0x00000000e0000000)
  object space 52736K, 71% used [0x00000000a0000000,0x00000000a249e710,0x00000000a3380000)
 Metaspace       used 55277K, capacity 57464K, committed 57600K, reserved 1099776K
  class space    used 7520K, capacity 8102K, committed 8192K, reserved 1048576K
}
Event: 29.851 GC heap before
{Heap before GC invocations=14 (full 2):
 PSYoungGen      total 230912K, used 68464K [0x00000000e0000000, 0x00000000f4d80000, 0x0000000100000000)
  eden space 210944K, 22% used [0x00000000e0000000,0x00000000e2f61088,0x00000000ece00000)
  from space 19968K, 99% used [0x00000000ece00000,0x00000000ee17b218,0x00000000ee180000)
  to   space 28160K, 0% used [0x00000000f3200000,0x00000000f3200000,0x00000000f4d80000)
 ParOldGen       total 52736K, used 37497K [0x00000000a0000000, 0x00000000a3380000, 0x00000000e0000000)
  object space 52736K, 71% used [0x00000000a0000000,0x00000000a249e710,0x00000000a3380000)
 Metaspace       used 56593K, capacity 58966K, committed 59028K, reserved 1099776K
  class space    used 7771K, capacity 8402K, committed 8448K, reserved 1048576K
Event: 29.919 GC heap after
Heap after GC invocations=14 (full 2):
 PSYoungGen      total 313856K, used 5952K [0x00000000e0000000, 0x00000000f6000000, 0x0000000100000000)
  eden space 285696K, 0% used [0x00000000e0000000,0x00000000e0000000,0x00000000f1700000)
  from space 28160K, 21% used [0x00000000f3200000,0x00000000f37d0000,0x00000000f4d80000)
  to   space 27648K, 0% used [0x00000000f1700000,0x00000000f1700000,0x00000000f3200000)
 ParOldGen       total 56832K, used 56393K [0x00000000a0000000, 0x00000000a3780000, 0x00000000e0000000)
  object space 56832K, 99% used [0x00000000a0000000,0x00000000a37127d0,0x00000000a3780000)
 Metaspace       used 56593K, capacity 58966K, committed 59028K, reserved 1099776K
  class space    used 7771K, capacity 8402K, committed 8448K, reserved 1048576K
}
Event: 29.919 GC heap before
{Heap before GC invocations=15 (full 3):
 PSYoungGen      total 313856K, used 5952K [0x00000000e0000000, 0x00000000f6000000, 0x0000000100000000)
  eden space 285696K, 0% used [0x00000000e0000000,0x00000000e0000000,0x00000000f1700000)
  from space 28160K, 21% used [0x00000000f3200000,0x00000000f37d0000,0x00000000f4d80000)
  to   space 27648K, 0% used [0x00000000f1700000,0x00000000f1700000,0x00000000f3200000)
 ParOldGen       total 56832K, used 56393K [0x00000000a0000000, 0x00000000a3780000, 0x00000000e0000000)
  object space 56832K, 99% used [0x00000000a0000000,0x00000000a37127d0,0x00000000a3780000)
 Metaspace       used 56593K, capacity 58966K, committed 59028K, reserved 1099776K
  class space    used 7771K, capacity 8402K, committed 8448K, reserved 1048576K
Event: 30.316 GC heap after
Heap after GC invocations=15 (full 3):
 PSYoungGen      total 313856K, used 0K [0x00000000e0000000, 0x00000000f6000000, 0x0000000100000000)
  eden space 285696K, 0% used [0x00000000e0000000,0x00000000e0000000,0x00000000f1700000)
  from space 28160K, 0% used [0x00000000f3200000,0x00000000f3200000,0x00000000f4d80000)
  to   space 27648K, 0% used [0x00000000f1700000,0x00000000f1700000,0x00000000f3200000)
 ParOldGen       total 103424K, used 50641K [0x00000000a0000000, 0x00000000a6500000, 0x00000000e0000000)
  object space 103424K, 48% used [0x00000000a0000000,0x00000000a3174458,0x00000000a6500000)
 Metaspace       used 56593K, capacity 58966K, committed 59028K, reserved 1099776K
  class space    used 7771K, capacity 8402K, committed 8448K, reserved 1048576K
}
Event: 51.070 GC heap before
{Heap before GC invocations=16 (full 3):
 PSYoungGen      total 313856K, used 285696K [0x00000000e0000000, 0x00000000f6000000, 0x0000000100000000)
  eden space 285696K, 100% used [0x00000000e0000000,0x00000000f1700000,0x00000000f1700000)
  from space 28160K, 0% used [0x00000000f3200000,0x00000000f3200000,0x00000000f4d80000)
  to   space 27648K, 0% used [0x00000000f1700000,0x00000000f1700000,0x00000000f3200000)
 ParOldGen       total 103424K, used 50641K [0x00000000a0000000, 0x00000000a6500000, 0x00000000e0000000)
  object space 103424K, 48% used [0x00000000a0000000,0x00000000a3174458,0x00000000a6500000)
 Metaspace       used 62912K, capacity 66082K, committed 66304K, reserved 1105920K
  class space    used 8384K, capacity 9183K, committed 9216K, reserved 1048576K
Event: 51.100 GC heap after
Heap after GC invocations=16 (full 3):
 PSYoungGen      total 313344K, used 20501K [0x00000000e0000000, 0x00000000fad80000, 0x0000000100000000)
  eden space 285696K, 0% used [0x00000000e0000000,0x00000000e0000000,0x00000000f1700000)
  from space 27648K, 74% used [0x00000000f1700000,0x00000000f2b05590,0x00000000f3200000)
  to   space 29696K, 0% used [0x00000000f9080000,0x00000000f9080000,0x00000000fad80000)
 ParOldGen       total 103424K, used 50649K [0x00000000a0000000, 0x00000000a6500000, 0x00000000e0000000)
  object space 103424K, 48% used [0x00000000a0000000,0x00000000a3176458,0x00000000a6500000)
 Metaspace       used 62912K, capacity 66082K, committed 66304K, reserved 1105920K
  class space    used 8384K, capacity 9183K, committed 9216K, reserved 1048576K
}
Event: 1470.553 GC heap before
{Heap before GC invocations=17 (full 3):
 PSYoungGen      total 313344K, used 306197K [0x00000000e0000000, 0x00000000fad80000, 0x0000000100000000)
  eden space 285696K, 100% used [0x00000000e0000000,0x00000000f1700000,0x00000000f1700000)
  from space 27648K, 74% used [0x00000000f1700000,0x00000000f2b05590,0x00000000f3200000)
  to   space 29696K, 0% used [0x00000000f9080000,0x00000000f9080000,0x00000000fad80000)
 ParOldGen       total 103424K, used 50649K [0x00000000a0000000, 0x00000000a6500000, 0x00000000e0000000)
  object space 103424K, 48% used [0x00000000a0000000,0x00000000a3176458,0x00000000a6500000)
 Metaspace       used 66482K, capacity 70266K, committed 70400K, reserved 1110016K
  class space    used 8775K, capacity 9653K, committed 9728K, reserved 1048576K
Event: 1470.583 GC heap after
Heap after GC invocations=17 (full 3):
 PSYoungGen      total 382464K, used 12352K [0x00000000e0000000, 0x00000000f9e80000, 0x0000000100000000)
  eden space 368128K, 0% used [0x00000000e0000000,0x00000000e0000000,0x00000000f6780000)
  from space 14336K, 86% used [0x00000000f9080000,0x00000000f9c90318,0x00000000f9e80000)
  to   space 28160K, 0% used [0x00000000f6780000,0x00000000f6780000,0x00000000f8300000)
 ParOldGen       total 103424K, used 59702K [0x00000000a0000000, 0x00000000a6500000, 0x00000000e0000000)
  object space 103424K, 57% used [0x00000000a0000000,0x00000000a3a4da00,0x00000000a6500000)
 Metaspace       used 66482K, capacity 70266K, committed 70400K, reserved 1110016K
  class space    used 8775K, capacity 9653K, committed 9728K, reserved 1048576K
}

