# JRE version: OpenJDK Runtime Environment (8.0_152-b01) (build 1.8.0_152-release-915-b01)
# Java VM: OpenJDK 64-Bit Server VM (25.152-b01 mixed mode windows-amd64 compressed oops)
Heap:
 PSYoungGen      total 17920K, used 12297K [0x00000000ec180000, 0x00000000ed580000, 0x0000000100000000)
  eden space 15360K, 63% used [0x00000000ec180000,0x00000000ecb05970,0x00000000ed080000)
  from space 2560K, 99% used [0x00000000ed300000,0x00000000ed57ccd8,0x00000000ed580000)
  to   space 2560K, 0% used [0x00000000ed080000,0x00000000ed080000,0x00000000ed300000)
 ParOldGen       total 40960K, used 8979K [0x00000000c4400000, 0x00000000c6c00000, 0x00000000ec180000)
  object space 40960K, 21% used [0x00000000c4400000,0x00000000c4cc4d58,0x00000000c6c00000)
 Metaspace       used 7481K, capacity 8212K, committed 8576K, reserved 1056768K
  class space    used 879K, capacity 1030K, committed 1152K, reserved 1048576K
GC Heap History (4 events):
Event: 4.140 GC heap before
{Heap before GC invocations=1 (full 0):
 PSYoungGen      total 17920K, used 15360K [0x00000000ec180000, 0x00000000ed580000, 0x0000000100000000)
  eden space 15360K, 100% used [0x00000000ec180000,0x00000000ed080000,0x00000000ed080000)
  from space 2560K, 0% used [0x00000000ed300000,0x00000000ed300000,0x00000000ed580000)
  to   space 2560K, 0% used [0x00000000ed080000,0x00000000ed080000,0x00000000ed300000)
 ParOldGen       total 40960K, used 0K [0x00000000c4400000, 0x00000000c6c00000, 0x00000000ec180000)
  object space 40960K, 0% used [0x00000000c4400000,0x00000000c4400000,0x00000000c6c00000)
 Metaspace       used 5424K, capacity 5544K, committed 5760K, reserved 1056768K
  class space    used 592K, capacity 636K, committed 640K, reserved 1048576K
Event: 4.146 GC heap after
Heap after GC invocations=1 (full 0):
 PSYoungGen      total 17920K, used 2536K [0x00000000ec180000, 0x00000000ed580000, 0x0000000100000000)
  eden space 15360K, 0% used [0x00000000ec180000,0x00000000ec180000,0x00000000ed080000)
  from space 2560K, 99% used [0x00000000ed080000,0x00000000ed2fa020,0x00000000ed300000)
  to   space 2560K, 0% used [0x00000000ed300000,0x00000000ed300000,0x00000000ed580000)
 ParOldGen       total 40960K, used 5047K [0x00000000c4400000, 0x00000000c6c00000, 0x00000000ec180000)
  object space 40960K, 12% used [0x00000000c4400000,0x00000000c48eddc8,0x00000000c6c00000)
 Metaspace       used 5424K, capacity 5544K, committed 5760K, reserved 1056768K
  class space    used 592K, capacity 636K, committed 640K, reserved 1048576K
}
Event: 8.542 GC heap before
{Heap before GC invocations=2 (full 0):
 PSYoungGen      total 17920K, used 17896K [0x00000000ec180000, 0x00000000ed580000, 0x0000000100000000)
  eden space 15360K, 100% used [0x00000000ec180000,0x00000000ed080000,0x00000000ed080000)
  from space 2560K, 99% used [0x00000000ed080000,0x00000000ed2fa020,0x00000000ed300000)
  to   space 2560K, 0% used [0x00000000ed300000,0x00000000ed300000,0x00000000ed580000)
 ParOldGen       total 40960K, used 5047K [0x00000000c4400000, 0x00000000c6c00000, 0x00000000ec180000)
  object space 40960K, 12% used [0x00000000c4400000,0x00000000c48eddc8,0x00000000c6c00000)
 Metaspace       used 6886K, capacity 7288K, committed 7424K, reserved 1056768K
  class space    used 784K, capacity 910K, committed 1024K, reserved 1048576K
Event: 8.548 GC heap after
Heap after GC invocations=2 (full 0):
 PSYoungGen      total 17920K, used 2547K [0x00000000ec180000, 0x00000000ed580000, 0x0000000100000000)
  eden space 15360K, 0% used [0x00000000ec180000,0x00000000ec180000,0x00000000ed080000)
  from space 2560K, 99% used [0x00000000ed300000,0x00000000ed57ccd8,0x00000000ed580000)
  to   space 2560K, 0% used [0x00000000ed080000,0x00000000ed080000,0x00000000ed300000)
 ParOldGen       total 40960K, used 8979K [0x00000000c4400000, 0x00000000c6c00000, 0x00000000ec180000)
  object space 40960K, 21% used [0x00000000c4400000,0x00000000c4cc4d58,0x00000000c6c00000)
 Metaspace       used 6886K, capacity 7288K, committed 7424K, reserved 1056768K
  class space    used 784K, capacity 910K, committed 1024K, reserved 1048576K
}

